2025-08-28 22:51:17 [ERROR] Failed to source: /home/remcostoeten/.config/dotfiles/modules/alias-loader (exit code: 1)
2025-08-28 22:51:17 [ERROR] Failed to source: /home/remcostoeten/.config/dotfiles/modules/plugin-loader (exit code: 1)
2025-08-28 22:51:17 [ERROR] Failed to source: /home/remcostoeten/.config/dotfiles/modules/script-loader (exit code: 1)
2025-08-28 22:52:25 [ERROR] Failed to source: /home/remcostoeten/.config/dotfiles/modules/alias-loader (exit code: 1)
2025-08-28 22:52:25 [ERROR] Failed to source: /home/remcostoeten/.config/dotfiles/modules/plugin-loader (exit code: 1)
2025-08-28 22:52:25 [ERROR] Failed to source: /home/remcostoeten/.config/dotfiles/modules/script-loader (exit code: 1)
2025-08-28 22:52:30 [ERROR] Failed to source: /home/remcostoeten/.config/dotfiles/modules/alias-loader (exit code: 1)
2025-08-28 22:52:30 [ERROR] Failed to source: /home/remcostoeten/.config/dotfiles/modules/plugin-loader (exit code: 1)
2025-08-28 22:52:30 [ERROR] Failed to source: /home/remcostoeten/.config/dotfiles/modules/script-loader (exit code: 1)
2025-08-28 22:52:43 [ERROR] Failed to source: /home/remcostoeten/.config/dotfiles/modules/alias-loader (exit code: 127)
2025-08-28 22:52:43 [ERROR] Failed to source: /home/remcostoeten/.config/dotfiles/modules/plugins/zsh-enhancements (exit code: 127)
2025-08-28 22:52:43 [ERROR] Failed to source: /home/remcostoeten/.config/dotfiles/modules/script-loader (exit code: 126)
2025-08-28 22:52:53 [ERROR] Failed to source: /home/remcostoeten/.config/dotfiles/modules/alias-loader (exit code: 1)
2025-08-28 22:52:53 [ERROR] Failed to source: /home/remcostoeten/.config/dotfiles/modules/plugin-loader (exit code: 1)
2025-08-28 22:52:53 [ERROR] Failed to source: /home/remcostoeten/.config/dotfiles/modules/script-loader (exit code: 1)
2025-08-28 22:52:56 [ERROR] Failed to source: /home/remcostoeten/.config/dotfiles/modules/alias-loader (exit code: 1)
2025-08-28 22:52:56 [ERROR] Failed to source: /home/remcostoeten/.config/dotfiles/modules/plugin-loader (exit code: 1)
2025-08-28 22:52:56 [ERROR] Failed to source: /home/remcostoeten/.config/dotfiles/modules/script-loader (exit code: 1)
2025-08-28 22:54:08 [ERROR] Failed to source: /home/remcostoeten/.config/dotfiles/modules/alias-loader (exit code: 1)
2025-08-28 22:54:08 [ERROR] Failed to source: /home/remcostoeten/.config/dotfiles/modules/plugin-loader (exit code: 1)
2025-08-28 22:54:08 [ERROR] Failed to source: /home/remcostoeten/.config/dotfiles/modules/script-loader (exit code: 1)
2025-08-28 22:54:56 [ERROR] Failed to source: /home/remcostoeten/.config/dotfiles/modules/alias-loader (exit code: 1)
2025-08-28 22:54:56 [ERROR] Failed to source: /home/remcostoeten/.config/dotfiles/modules/plugin-loader (exit code: 1)
2025-08-28 22:54:56 [ERROR] Failed to source: /home/remcostoeten/.config/dotfiles/modules/script-loader (exit code: 1)
2025-08-28 22:55:04 [ERROR] Failed to source: /home/remcostoeten/.config/dotfiles/modules/alias-loader (exit code: 1)
2025-08-28 22:55:04 [ERROR] Failed to source: /home/remcostoeten/.config/dotfiles/modules/plugin-loader (exit code: 1)
2025-08-28 22:55:04 [ERROR] Failed to source: /home/remcostoeten/.config/dotfiles/modules/script-loader (exit code: 1)
2025-08-28 23:02:40 [ERROR] Failed to source: /home/remcostoeten/.config/dotfiles/modules/alias-loader (exit code: 1)
2025-08-28 23:02:40 [ERROR] Failed to source: /home/remcostoeten/.config/dotfiles/modules/plugin-loader (exit code: 1)
2025-08-28 23:02:41 [ERROR] Failed to source: /home/remcostoeten/.config/dotfiles/modules/script-loader (exit code: 1)
2025-08-28 23:04:06 [ERROR] Failed to source: /home/remcostoeten/.config/dotfiles/modules/alias-loader (exit code: 1)
2025-08-28 23:04:06 [ERROR] Failed to source: /home/remcostoeten/.config/dotfiles/modules/plugin-loader (exit code: 1)
2025-08-28 23:04:06 [ERROR] Failed to source: /home/remcostoeten/.config/dotfiles/modules/script-loader (exit code: 1)
2025-08-28 23:04:47 [ERROR] Failed to source: /home/remcostoeten/.config/dotfiles/modules/alias-loader (exit code: 1)
2025-08-28 23:04:47 [ERROR] Failed to source: /home/remcostoeten/.config/dotfiles/modules/plugin-loader (exit code: 1)
2025-08-28 23:04:47 [ERROR] Failed to source: /home/remcostoeten/.config/dotfiles/modules/script-loader (exit code: 1)
2025-08-28 23:05:21 [ERROR] Failed to source: /home/remcostoeten/.config/dotfiles/modules/plugins/zsh-enhancements (exit code: 1)
2025-08-28 23:05:21 [ERROR] Failed to source: /home/remcostoeten/.config/dotfiles/modules/script-loader (exit code: 126)
2025-08-28 23:05:24 [ERROR] Failed to source: /home/remcostoeten/.config/dotfiles/modules/plugins/zsh-enhancements (exit code: 1)
2025-08-28 23:05:24 [ERROR] Failed to source: /home/remcostoeten/.config/dotfiles/modules/script-loader (exit code: 126)
2025-08-28 23:05:26 [ERROR] Failed to source: /home/remcostoeten/.config/dotfiles/modules/plugins/zsh-enhancements (exit code: 1)
2025-08-28 23:05:26 [ERROR] Failed to source: /home/remcostoeten/.config/dotfiles/modules/script-loader (exit code: 126)
2025-08-28 23:05:30 [ERROR] Failed to source: /home/remcostoeten/.config/dotfiles/modules/plugins/zsh-enhancements (exit code: 1)
2025-08-28 23:05:30 [ERROR] Failed to source: /home/remcostoeten/.config/dotfiles/modules/script-loader (exit code: 126)
2025-08-28 23:30:38 [ERROR] Failed to source: /home/remcostoeten/.config/dotfiles/modules/plugins/zsh-enhancements (exit code: 1)
2025-08-28 23:30:38 [ERROR] Failed to source: /home/remcostoeten/.config/dotfiles/modules/script-loader (exit code: 126)
2025-08-28 23:31:45 [ERROR] Failed to source: /home/remcostoeten/.config/dotfiles/modules/alias-loader (exit code: 1)
2025-08-28 23:31:45 [ERROR] Failed to source: /home/remcostoeten/.config/dotfiles/modules/plugin-loader (exit code: 1)
2025-08-28 23:31:45 [ERROR] Failed to source: /home/remcostoeten/.config/dotfiles/modules/script-loader (exit code: 1)
2025-08-28 23:34:54 [ERROR] Failed to source: /home/remcostoeten/.config/dotfiles/modules/alias-loader (exit code: 1)
2025-08-28 23:34:54 [ERROR] Failed to source: /home/remcostoeten/.config/dotfiles/modules/plugin-loader (exit code: 1)
2025-08-28 23:34:54 [ERROR] Failed to source: /home/remcostoeten/.config/dotfiles/modules/script-loader (exit code: 1)
2025-08-28 23:35:44 [ERROR] Failed to source: /home/remcostoeten/.config/dotfiles/modules/alias-loader (exit code: 1)
2025-08-28 23:35:44 [ERROR] Failed to source: /home/remcostoeten/.config/dotfiles/modules/plugin-loader (exit code: 1)
2025-08-28 23:35:44 [ERROR] Failed to source: /home/remcostoeten/.config/dotfiles/modules/script-loader (exit code: 1)
2025-08-28 23:35:54 [ERROR] Failed to source: /home/remcostoeten/.config/dotfiles/modules/alias-loader (exit code: 1)
2025-08-28 23:35:54 [ERROR] Failed to source: /home/remcostoeten/.config/dotfiles/modules/plugin-loader (exit code: 1)
2025-08-28 23:35:54 [ERROR] Failed to source: /home/remcostoeten/.config/dotfiles/modules/script-loader (exit code: 1)
2025-08-28 23:37:10 [ERROR] Failed to source: /home/remcostoeten/.config/dotfiles/modules/alias-loader (exit code: 1)
2025-08-28 23:37:10 [ERROR] Failed to source: /home/remcostoeten/.config/dotfiles/modules/plugin-loader (exit code: 1)
2025-08-28 23:37:10 [ERROR] Failed to source: /home/remcostoeten/.config/dotfiles/modules/script-loader (exit code: 1)
2025-08-28 23:37:29 [ERROR] Failed to source: /home/remcostoeten/.config/dotfiles/modules/alias-loader (exit code: 1)
2025-08-28 23:37:29 [ERROR] Failed to source: /home/remcostoeten/.config/dotfiles/modules/plugin-loader (exit code: 1)
2025-08-28 23:37:29 [ERROR] Failed to source: /home/remcostoeten/.config/dotfiles/modules/script-loader (exit code: 1)
2025-08-28 23:38:28 [ERROR] Failed to source: /home/remcostoeten/.config/dotfiles/modules/alias-loader (exit code: 1)
2025-08-28 23:38:28 [ERROR] Failed to source: /home/remcostoeten/.config/dotfiles/modules/plugin-loader (exit code: 1)
2025-08-28 23:38:28 [ERROR] Failed to source: /home/remcostoeten/.config/dotfiles/modules/script-loader (exit code: 1)
2025-08-28 23:41:22 [ERROR] Failed to source: /home/remcostoeten/.config/dotfiles/modules/alias-loader (exit code: 1)
2025-08-28 23:41:22 [ERROR] Failed to source: /home/remcostoeten/.config/dotfiles/modules/plugin-loader (exit code: 1)
2025-08-28 23:41:22 [ERROR] Failed to source: /home/remcostoeten/.config/dotfiles/modules/script-loader (exit code: 1)
2025-08-28 23:43:03 [ERROR] Failed to source: /home/remcostoeten/.config/dotfiles/modules/alias-loader (exit code: 1)
2025-08-28 23:43:03 [ERROR] Failed to source: /home/remcostoeten/.config/dotfiles/modules/plugin-loader (exit code: 1)
2025-08-28 23:43:03 [ERROR] Failed to source: /home/remcostoeten/.config/dotfiles/modules/script-loader (exit code: 1)
2025-08-28 23:47:23 [ERROR] Failed to source: /home/remcostoeten/.config/dotfiles/modules/alias-loader (exit code: 1)
2025-08-28 23:47:23 [ERROR] Failed to source: /home/remcostoeten/.config/dotfiles/modules/plugin-loader (exit code: 1)
2025-08-28 23:47:23 [ERROR] Failed to source: /home/remcostoeten/.config/dotfiles/modules/script-loader (exit code: 1)
2025-08-28 23:50:13 [ERROR] Failed to source: /home/remcostoeten/.config/dotfiles/modules/alias-loader (exit code: 1)
2025-08-28 23:50:13 [ERROR] Failed to source: /home/remcostoeten/.config/dotfiles/modules/plugin-loader (exit code: 1)
2025-08-28 23:50:13 [ERROR] Failed to source: /home/remcostoeten/.config/dotfiles/modules/script-loader (exit code: 1)
2025-08-28 23:50:21 [ERROR] Failed to source: /home/remcostoeten/.config/dotfiles/modules/alias-loader (exit code: 1)
2025-08-28 23:50:21 [ERROR] Failed to source: /home/remcostoeten/.config/dotfiles/modules/plugin-loader (exit code: 1)
2025-08-28 23:50:21 [ERROR] Failed to source: /home/remcostoeten/.config/dotfiles/modules/script-loader (exit code: 1)
2025-08-28 23:51:24 [ERROR] Failed to source: /home/remcostoeten/.config/dotfiles/modules/alias-loader (exit code: 1)
2025-08-28 23:51:24 [ERROR] Failed to source: /home/remcostoeten/.config/dotfiles/modules/plugin-loader (exit code: 1)
2025-08-28 23:51:24 [ERROR] Failed to source: /home/remcostoeten/.config/dotfiles/modules/script-loader (exit code: 1)
2025-08-28 23:51:31 [ERROR] Failed to source: /home/remcostoeten/.config/dotfiles/modules/alias-loader (exit code: 1)
2025-08-28 23:51:31 [ERROR] Failed to source: /home/remcostoeten/.config/dotfiles/modules/plugin-loader (exit code: 1)
2025-08-28 23:51:31 [ERROR] Failed to source: /home/remcostoeten/.config/dotfiles/modules/script-loader (exit code: 1)
2025-08-28 23:52:31 [ERROR] Failed to source: /home/remcostoeten/.config/dotfiles/modules/alias-loader (exit code: 1)
2025-08-28 23:52:31 [ERROR] Failed to source: /home/remcostoeten/.config/dotfiles/modules/plugin-loader (exit code: 1)
2025-08-28 23:52:31 [ERROR] Failed to source: /home/remcostoeten/.config/dotfiles/modules/script-loader (exit code: 1)
2025-08-28 23:52:42 [ERROR] Failed to source: /home/remcostoeten/.config/dotfiles/modules/alias-loader (exit code: 1)
2025-08-28 23:52:42 [ERROR] Failed to source: /home/remcostoeten/.config/dotfiles/modules/plugin-loader (exit code: 1)
2025-08-28 23:52:42 [ERROR] Failed to source: /home/remcostoeten/.config/dotfiles/modules/script-loader (exit code: 1)
2025-08-28 23:54:58 [ERROR] Failed to source: /home/remcostoeten/.config/dotfiles/modules/alias-loader (exit code: 1)
2025-08-28 23:54:58 [ERROR] Failed to source: /home/remcostoeten/.config/dotfiles/modules/plugin-loader (exit code: 1)
2025-08-28 23:54:58 [ERROR] Failed to source: /home/remcostoeten/.config/dotfiles/modules/alias-loader (exit code: 1)
2025-08-28 23:54:58 [ERROR] Failed to source: /home/remcostoeten/.config/dotfiles/modules/script-loader (exit code: 1)
2025-08-28 23:54:58 [ERROR] Failed to source: /home/remcostoeten/.config/dotfiles/modules/plugin-loader (exit code: 1)
2025-08-28 23:54:58 [ERROR] Failed to source: /home/remcostoeten/.config/dotfiles/modules/script-loader (exit code: 1)
2025-08-28 23:54:58 [ERROR] Failed to source: /home/remcostoeten/.config/dotfiles/modules/alias-loader (exit code: 1)
2025-08-28 23:54:58 [ERROR] Failed to source: /home/remcostoeten/.config/dotfiles/modules/plugin-loader (exit code: 1)
2025-08-28 23:54:58 [ERROR] Failed to source: /home/remcostoeten/.config/dotfiles/modules/script-loader (exit code: 1)
2025-08-28 23:54:58 [ERROR] Failed to source: /home/remcostoeten/.config/dotfiles/modules/alias-loader (exit code: 1)
2025-08-28 23:54:58 [ERROR] Failed to source: /home/remcostoeten/.config/dotfiles/modules/plugin-loader (exit code: 1)
2025-08-28 23:54:58 [ERROR] Failed to source: /home/remcostoeten/.config/dotfiles/modules/script-loader (exit code: 1)
2025-08-28 23:59:43 [ERROR] Failed to source: /home/remcostoeten/.config/dotfiles/modules/aliases/zoxide.aliases (exit code: 1)
2025-08-29 00:00:13 [ERROR] Failed to source: /home/remcostoeten/.config/dotfiles/modules/alias-loader (exit code: 1)
2025-08-29 00:00:13 [ERROR] Failed to source: /home/remcostoeten/.config/dotfiles/modules/plugin-loader (exit code: 1)
2025-08-29 00:00:13 [ERROR] Failed to source: /home/remcostoeten/.config/dotfiles/modules/script-loader (exit code: 1)
2025-08-29 00:02:51 [ERROR] Failed to source: /home/remcostoeten/.config/dotfiles/modules/plugins/zsh-enhancements (exit code: 1)
2025-08-29 00:02:51 [ERROR] Failed to source: /home/remcostoeten/.config/dotfiles/modules/script-loader (exit code: 126)
2025-08-29 00:03:09 [ERROR] Failed to source: /home/remcostoeten/.config/dotfiles/modules/plugins/zsh-enhancements (exit code: 1)
2025-08-29 00:03:09 [ERROR] Failed to source: /home/remcostoeten/.config/dotfiles/modules/script-loader (exit code: 126)
2025-08-29 00:04:03 [ERROR] Failed to source: /home/remcostoeten/.config/dotfiles/modules/plugins/zsh-enhancements (exit code: 1)
2025-08-29 00:04:03 [ERROR] Failed to source: /home/remcostoeten/.config/dotfiles/modules/script-loader (exit code: 126)
2025-08-29 00:04:06 [ERROR] Failed to source: /home/remcostoeten/.config/dotfiles/modules/plugins/zsh-enhancements (exit code: 1)
2025-08-29 00:04:06 [ERROR] Failed to source: /home/remcostoeten/.config/dotfiles/modules/script-loader (exit code: 126)
2025-08-29 00:07:01 [ERROR] Failed to source: /home/remcostoeten/.config/dotfiles/modules/alias-loader (exit code: 1)
2025-08-29 00:07:01 [ERROR] Failed to source: /home/remcostoeten/.config/dotfiles/modules/plugin-loader (exit code: 1)
2025-08-29 00:07:01 [ERROR] Failed to source: /home/remcostoeten/.config/dotfiles/modules/script-loader (exit code: 1)
2025-08-29 00:07:38 [ERROR] Failed to source: /home/remcostoeten/.config/dotfiles/modules/alias-loader (exit code: 1)
2025-08-29 00:07:38 [ERROR] Failed to source: /home/remcostoeten/.config/dotfiles/modules/plugin-loader (exit code: 1)
2025-08-29 00:07:38 [ERROR] Failed to source: /home/remcostoeten/.config/dotfiles/modules/script-loader (exit code: 1)
2025-08-29 00:07:54 [ERROR] Failed to source: /home/remcostoeten/.config/dotfiles/modules/alias-loader (exit code: 1)
2025-08-29 00:07:54 [ERROR] Failed to source: /home/remcostoeten/.config/dotfiles/modules/plugin-loader (exit code: 1)
2025-08-29 00:07:54 [ERROR] Failed to source: /home/remcostoeten/.config/dotfiles/modules/script-loader (exit code: 1)
2025-08-29 00:10:04 [ERROR] Failed to source: /home/remcostoeten/.config/dotfiles/modules/alias-loader (exit code: 1)
2025-08-29 00:10:04 [ERROR] Failed to source: /home/remcostoeten/.config/dotfiles/modules/plugin-loader (exit code: 1)
2025-08-29 00:10:04 [ERROR] Failed to source: /home/remcostoeten/.config/dotfiles/modules/script-loader (exit code: 1)
2025-08-29 00:10:26 [ERROR] Failed to source: /home/remcostoeten/.config/dotfiles/modules/alias-loader (exit code: 1)
2025-08-29 00:10:26 [ERROR] Failed to source: /home/remcostoeten/.config/dotfiles/modules/plugin-loader (exit code: 1)
2025-08-29 00:10:26 [ERROR] Failed to source: /home/remcostoeten/.config/dotfiles/modules/script-loader (exit code: 1)
2025-08-29 00:18:44 [ERROR] Failed to source: /home/remcostoeten/.config/dotfiles/modules/plugins/zsh-enhancements (exit code: 1)
2025-08-29 00:18:44 [ERROR] Failed to source: /home/remcostoeten/.config/dotfiles/modules/script-loader (exit code: 126)
2025-08-29 00:24:17 [ERROR] Failed to source: /home/remcostoeten/.config/dotfiles/modules/plugins/zsh-enhancements (exit code: 1)
2025-08-29 00:24:17 [ERROR] Failed to source: /home/remcostoeten/.config/dotfiles/modules/script-loader (exit code: 126)
2025-08-29 00:34:33 [ERROR] Failed to source: /home/remcostoeten/.config/dotfiles/modules/plugins/zsh-enhancements (exit code: 1)
2025-08-29 00:34:33 [ERROR] Failed to source: /home/remcostoeten/.config/dotfiles/modules/script-loader (exit code: 126)
2025-08-29 00:40:07 [ERROR] Failed to source: /home/remcostoeten/.config/dotfiles/modules/plugins/zsh-enhancements (exit code: 1)
2025-08-29 00:40:07 [ERROR] Failed to source: /home/remcostoeten/.config/dotfiles/modules/script-loader (exit code: 126)
2025-08-29 00:40:44 [ERROR] Failed to source: /home/remcostoeten/.config/dotfiles/modules/plugins/zsh-enhancements (exit code: 1)
2025-08-29 00:40:44 [ERROR] Failed to source: /home/remcostoeten/.config/dotfiles/modules/script-loader (exit code: 126)
2025-08-29 00:43:19 [ERROR] Failed to source: /home/remcostoeten/.config/dotfiles/modules/alias-loader (exit code: 1)
2025-08-29 00:43:19 [ERROR] Failed to source: /home/remcostoeten/.config/dotfiles/modules/plugin-loader (exit code: 1)
2025-08-29 00:43:19 [ERROR] Failed to source: /home/remcostoeten/.config/dotfiles/modules/script-loader (exit code: 1)
2025-08-29 00:43:47 [ERROR] Failed to source: /home/remcostoeten/.config/dotfiles/modules/alias-loader (exit code: 1)
2025-08-29 00:43:47 [ERROR] Failed to source: /home/remcostoeten/.config/dotfiles/modules/alias-loader (exit code: 1)
2025-08-29 00:43:47 [ERROR] Failed to source: /home/remcostoeten/.config/dotfiles/modules/plugin-loader (exit code: 1)
2025-08-29 00:43:47 [ERROR] Failed to source: /home/remcostoeten/.config/dotfiles/modules/plugin-loader (exit code: 1)
2025-08-29 00:43:47 [ERROR] Failed to source: /home/remcostoeten/.config/dotfiles/modules/script-loader (exit code: 1)
2025-08-29 00:43:47 [ERROR] Failed to source: /home/remcostoeten/.config/dotfiles/modules/script-loader (exit code: 1)
2025-08-29 00:43:47 [ERROR] Failed to source: /home/remcostoeten/.config/dotfiles/modules/alias-loader (exit code: 1)
2025-08-29 00:43:47 [ERROR] Failed to source: /home/remcostoeten/.config/dotfiles/modules/plugin-loader (exit code: 1)
2025-08-29 00:43:47 [ERROR] Failed to source: /home/remcostoeten/.config/dotfiles/modules/alias-loader (exit code: 1)
2025-08-29 00:43:47 [ERROR] Failed to source: /home/remcostoeten/.config/dotfiles/modules/script-loader (exit code: 1)
2025-08-29 00:43:47 [ERROR] Failed to source: /home/remcostoeten/.config/dotfiles/modules/plugin-loader (exit code: 1)
2025-08-29 00:43:47 [ERROR] Failed to source: /home/remcostoeten/.config/dotfiles/modules/script-loader (exit code: 1)
2025-08-29 00:43:47 [ERROR] Failed to source: /home/remcostoeten/.config/dotfiles/modules/alias-loader (exit code: 1)
2025-08-29 00:43:47 [ERROR] Failed to source: /home/remcostoeten/.config/dotfiles/modules/alias-loader (exit code: 1)
2025-08-29 00:43:47 [ERROR] Failed to source: /home/remcostoeten/.config/dotfiles/modules/plugin-loader (exit code: 1)
2025-08-29 00:43:47 [ERROR] Failed to source: /home/remcostoeten/.config/dotfiles/modules/plugin-loader (exit code: 1)
2025-08-29 00:43:47 [ERROR] Failed to source: /home/remcostoeten/.config/dotfiles/modules/script-loader (exit code: 1)
2025-08-29 00:43:47 [ERROR] Failed to source: /home/remcostoeten/.config/dotfiles/modules/script-loader (exit code: 1)
2025-08-29 00:44:25 [ERROR] Failed to source: /home/remcostoeten/.config/dotfiles/modules/alias-loader (exit code: 1)
2025-08-29 00:44:25 [ERROR] Failed to source: /home/remcostoeten/.config/dotfiles/modules/plugin-loader (exit code: 1)
2025-08-29 00:44:25 [ERROR] Failed to source: /home/remcostoeten/.config/dotfiles/modules/script-loader (exit code: 1)
2025-08-29 00:45:02 [ERROR] Failed to source: /home/remcostoeten/.config/dotfiles/modules/alias-loader (exit code: 1)
2025-08-29 00:45:02 [ERROR] Failed to source: /home/remcostoeten/.config/dotfiles/modules/plugin-loader (exit code: 1)
2025-08-29 00:45:02 [ERROR] Failed to source: /home/remcostoeten/.config/dotfiles/modules/script-loader (exit code: 1)
2025-08-29 00:45:45 [ERROR] Failed to source: /home/remcostoeten/.config/dotfiles/modules/plugins/zsh-enhancements (exit code: 1)
2025-08-29 00:45:45 [ERROR] Failed to source: /home/remcostoeten/.config/dotfiles/modules/script-loader (exit code: 126)
2025-08-29 00:45:59 [ERROR] Failed to source: /home/remcostoeten/.config/dotfiles/modules/plugins/zsh-enhancements (exit code: 1)
2025-08-29 00:45:59 [ERROR] Failed to source: /home/remcostoeten/.config/dotfiles/modules/script-loader (exit code: 126)
2025-08-29 00:46:14 [ERROR] Failed to source: /home/remcostoeten/.config/dotfiles/modules/plugins/zsh-enhancements (exit code: 1)
2025-08-29 00:46:14 [ERROR] Failed to source: /home/remcostoeten/.config/dotfiles/modules/script-loader (exit code: 126)
2025-08-29 00:47:00 [ERROR] Failed to source: /home/remcostoeten/.config/dotfiles/modules/plugins/zsh-enhancements (exit code: 1)
2025-08-29 00:47:00 [ERROR] Failed to source: /home/remcostoeten/.config/dotfiles/modules/script-loader (exit code: 126)
2025-08-29 00:47:15 [ERROR] Failed to source: /home/remcostoeten/.config/dotfiles/modules/plugins/zsh-enhancements (exit code: 1)
2025-08-29 00:47:15 [ERROR] Failed to source: /home/remcostoeten/.config/dotfiles/modules/script-loader (exit code: 126)
2025-08-29 00:57:25 [ERROR] Failed to source: /home/remcostoeten/.config/dotfiles/modules/alias-loader (exit code: 1)
2025-08-29 00:57:25 [ERROR] Failed to source: /home/remcostoeten/.config/dotfiles/modules/plugin-loader (exit code: 1)
2025-08-29 00:57:25 [ERROR] Failed to source: /home/remcostoeten/.config/dotfiles/modules/script-loader (exit code: 1)
2025-08-29 00:59:35 [ERROR] Failed to source: /home/remcostoeten/.config/dotfiles/modules/alias-loader (exit code: 1)
2025-08-29 00:59:35 [ERROR] Failed to source: /home/remcostoeten/.config/dotfiles/modules/plugin-loader (exit code: 1)
2025-08-29 00:59:35 [ERROR] Failed to source: /home/remcostoeten/.config/dotfiles/modules/script-loader (exit code: 1)
2025-08-29 00:59:38 [ERROR] Failed to source: /home/remcostoeten/.config/dotfiles/modules/plugins/zsh-enhancements (exit code: 1)
2025-08-29 00:59:38 [ERROR] Failed to source: /home/remcostoeten/.config/dotfiles/modules/script-loader (exit code: 126)
