$ vite --no-open

  VITE v7.1.3  ready in 126 ms

  ➜  Local:   http://localhost:5173/
  ➜  Network: use --host to expose
node:events:485
      throw er; // Unhandled 'error' event
      ^

Error: spawn starship ENOENT
    at ChildProcess._handle.onexit (node:internal/child_process:286:19)
    at onErrorNT (node:internal/child_process:484:16)
    at process.processTicksAndRejections (node:internal/process/task_queues:90:21)
Emitted 'error' event on ChildProcess instance at:
    at ChildProcess._handle.onexit (node:internal/child_process:292:12)
    at onErrorNT (node:internal/child_process:484:16)
    at process.processTicksAndRejections (node:internal/process/task_queues:90:21) {
  errno: -2,
  code: 'ENOENT',
  syscall: 'spawn starship',
  path: 'starship',
  spawnargs: [ 'prompt' ]
}

Node.js v24.0.1
error: script "start" exited with code 1
